<?xml version="1.0" encoding="UTF-8"?>
<testsuites>
  <testsuite name="Datastructures" tests="12" assertions="12" errors="0" failures="0" skipped="0" time="9.052722">
    <testsuite name="FunwithelePHPant\Datastructures\LinkedList\LinkedListAsBagTest" file="/var/www/html/funwithelePHPant/tests/Datastructures/LinkedList/LinkedListAsBagTest.php" tests="2" assertions="2" errors="0" failures="0" skipped="0" time="0.201990">
      <testcase name="test_Can_New_Up_LinkedList" class="FunwithelePHPant\Datastructures\LinkedList\LinkedListAsBagTest" classname="FunwithelePHPant.Datastructures.LinkedList.LinkedListAsBagTest" file="/var/www/html/funwithelePHPant/tests/Datastructures/LinkedList/LinkedListAsBagTest.php" line="16" assertions="1" time="0.166678"/>
      <testcase name="test_Can_Make_A_Bag_Of_Strings" class="FunwithelePHPant\Datastructures\LinkedList\LinkedListAsBagTest" classname="FunwithelePHPant.Datastructures.LinkedList.LinkedListAsBagTest" file="/var/www/html/funwithelePHPant/tests/Datastructures/LinkedList/LinkedListAsBagTest.php" line="21" assertions="1" time="0.035312"/>
    </testsuite>
    <testsuite name="FunwithelePHPant\Datastructures\LinkedList\LinkedListAsQueueTest" file="/var/www/html/funwithelePHPant/tests/Datastructures/LinkedList/LinkedListAsQueueTest.php" tests="2" assertions="2" errors="0" failures="0" skipped="0" time="0.011937">
      <testcase name="test_Can_New_Up_LinkedList" class="FunwithelePHPant\Datastructures\LinkedList\LinkedListAsQueueTest" classname="FunwithelePHPant.Datastructures.LinkedList.LinkedListAsQueueTest" file="/var/www/html/funwithelePHPant/tests/Datastructures/LinkedList/LinkedListAsQueueTest.php" line="9" assertions="1" time="0.004273"/>
      <testcase name="test_Can_Make_A_queue_Of_Strings" class="FunwithelePHPant\Datastructures\LinkedList\LinkedListAsQueueTest" classname="FunwithelePHPant.Datastructures.LinkedList.LinkedListAsQueueTest" file="/var/www/html/funwithelePHPant/tests/Datastructures/LinkedList/LinkedListAsQueueTest.php" line="15" assertions="1" time="0.007664"/>
    </testsuite>
    <testsuite name="FunwithelePHPant\Datastructures\LinkedList\LinkedListAsStackTest" file="/var/www/html/funwithelePHPant/tests/Datastructures/LinkedList/LinkedListAsStackTest.php" tests="2" assertions="2" errors="0" failures="0" skipped="0" time="0.011729">
      <testcase name="testCanNewUpLinkedList" class="FunwithelePHPant\Datastructures\LinkedList\LinkedListAsStackTest" classname="FunwithelePHPant.Datastructures.LinkedList.LinkedListAsStackTest" file="/var/www/html/funwithelePHPant/tests/Datastructures/LinkedList/LinkedListAsStackTest.php" line="9" assertions="1" time="0.004328"/>
      <testcase name="test_Can_Make_A_stack_Of_Strings" class="FunwithelePHPant\Datastructures\LinkedList\LinkedListAsStackTest" classname="FunwithelePHPant.Datastructures.LinkedList.LinkedListAsStackTest" file="/var/www/html/funwithelePHPant/tests/Datastructures/LinkedList/LinkedListAsStackTest.php" line="15" assertions="1" time="0.007401"/>
    </testsuite>
    <testsuite name="FunwithelePHPant\Datastructures\LinkedList\StringNodeTest" file="/var/www/html/funwithelePHPant/tests/Datastructures/LinkedList/StringNodeTest.php" tests="3" assertions="3" errors="0" failures="0" skipped="0" time="0.014003">
      <testcase name="testCanCreateStringNode" class="FunwithelePHPant\Datastructures\LinkedList\StringNodeTest" classname="FunwithelePHPant.Datastructures.LinkedList.StringNodeTest" file="/var/www/html/funwithelePHPant/tests/Datastructures/LinkedList/StringNodeTest.php" line="10" assertions="1" time="0.005223"/>
      <testcase name="testStringNodeItemPropertyExists" class="FunwithelePHPant\Datastructures\LinkedList\StringNodeTest" classname="FunwithelePHPant.Datastructures.LinkedList.StringNodeTest" file="/var/www/html/funwithelePHPant/tests/Datastructures/LinkedList/StringNodeTest.php" line="16" assertions="1" time="0.004441"/>
      <testcase name="testStringNodeNextPropertyExists" class="FunwithelePHPant\Datastructures\LinkedList\StringNodeTest" classname="FunwithelePHPant.Datastructures.LinkedList.StringNodeTest" file="/var/www/html/funwithelePHPant/tests/Datastructures/LinkedList/StringNodeTest.php" line="22" assertions="1" time="0.004339"/>
    </testsuite>
    <testsuite name="FnFundamentalsTest" file="/var/www/html/funwithelePHPant/tests/functions/FnFundamentalsTest.php" tests="3" assertions="3" errors="0" failures="0" skipped="0" time="8.813063">
      <testcase name="test_fn_print_stack_content" class="FnFundamentalsTest" classname="FnFundamentalsTest" file="/var/www/html/funwithelePHPant/tests/functions/FnFundamentalsTest.php" line="8" assertions="1" time="0.007837"/>
      <testcase name="test_fn_print_binary_representation" class="FnFundamentalsTest" classname="FnFundamentalsTest" file="/var/www/html/funwithelePHPant/tests/functions/FnFundamentalsTest.php" line="22" assertions="1" time="8.794192"/>
      <testcase name="test_fn_reverse_queue_using_stack" class="FnFundamentalsTest" classname="FnFundamentalsTest" file="/var/www/html/funwithelePHPant/tests/functions/FnFundamentalsTest.php" line="36" assertions="1" time="0.011034"/>
    </testsuite>
  </testsuite>
</testsuites>
