<?xml version="1.0" encoding="UTF-8"?>
<testsuites>
  <testsuite name="Datastructures" tests="31" assertions="31" errors="0" failures="0" skipped="0" time="33.849355">
    <testsuite name="FunwithelePHPant\Datastructures\LinkedList\LinkedListAsBagTest" file="/var/www/html/funwithelePHPant/tests/Datastructures/LinkedList/LinkedListAsBagTest.php" tests="3" assertions="3" errors="0" failures="0" skipped="0" time="0.035632">
      <testcase name="test_Can_New_Up_LinkedList" class="FunwithelePHPant\Datastructures\LinkedList\LinkedListAsBagTest" classname="FunwithelePHPant.Datastructures.LinkedList.LinkedListAsBagTest" file="/var/www/html/funwithelePHPant/tests/Datastructures/LinkedList/LinkedListAsBagTest.php" line="16" assertions="1" time="0.020276"/>
      <testcase name="test_Can_Make_A_Bag_Of_Strings" class="FunwithelePHPant\Datastructures\LinkedList\LinkedListAsBagTest" classname="FunwithelePHPant.Datastructures.LinkedList.LinkedListAsBagTest" file="/var/www/html/funwithelePHPant/tests/Datastructures/LinkedList/LinkedListAsBagTest.php" line="22" assertions="1" time="0.010563"/>
      <testcase name="test_Can_Delete_Last_Node_From_Linkedlist" class="FunwithelePHPant\Datastructures\LinkedList\LinkedListAsBagTest" classname="FunwithelePHPant.Datastructures.LinkedList.LinkedListAsBagTest" file="/var/www/html/funwithelePHPant/tests/Datastructures/LinkedList/LinkedListAsBagTest.php" line="39" assertions="1" time="0.004793"/>
    </testsuite>
    <testsuite name="FunwithelePHPant\Datastructures\LinkedList\LinkedListAsQueueTest" file="/var/www/html/funwithelePHPant/tests/Datastructures/LinkedList/LinkedListAsQueueTest.php" tests="2" assertions="2" errors="0" failures="0" skipped="0" time="0.013344">
      <testcase name="test_Can_New_Up_LinkedList" class="FunwithelePHPant\Datastructures\LinkedList\LinkedListAsQueueTest" classname="FunwithelePHPant.Datastructures.LinkedList.LinkedListAsQueueTest" file="/var/www/html/funwithelePHPant/tests/Datastructures/LinkedList/LinkedListAsQueueTest.php" line="9" assertions="1" time="0.004643"/>
      <testcase name="test_Can_Make_A_queue_Of_Strings" class="FunwithelePHPant\Datastructures\LinkedList\LinkedListAsQueueTest" classname="FunwithelePHPant.Datastructures.LinkedList.LinkedListAsQueueTest" file="/var/www/html/funwithelePHPant/tests/Datastructures/LinkedList/LinkedListAsQueueTest.php" line="15" assertions="1" time="0.008701"/>
    </testsuite>
    <testsuite name="FunwithelePHPant\Datastructures\LinkedList\LinkedListAsStackTest" file="/var/www/html/funwithelePHPant/tests/Datastructures/LinkedList/LinkedListAsStackTest.php" tests="2" assertions="2" errors="0" failures="0" skipped="0" time="0.014605">
      <testcase name="testCanNewUpLinkedList" class="FunwithelePHPant\Datastructures\LinkedList\LinkedListAsStackTest" classname="FunwithelePHPant.Datastructures.LinkedList.LinkedListAsStackTest" file="/var/www/html/funwithelePHPant/tests/Datastructures/LinkedList/LinkedListAsStackTest.php" line="9" assertions="1" time="0.006780"/>
      <testcase name="test_Can_Make_A_stack_Of_Strings" class="FunwithelePHPant\Datastructures\LinkedList\LinkedListAsStackTest" classname="FunwithelePHPant.Datastructures.LinkedList.LinkedListAsStackTest" file="/var/www/html/funwithelePHPant/tests/Datastructures/LinkedList/LinkedListAsStackTest.php" line="15" assertions="1" time="0.007825"/>
    </testsuite>
    <testsuite name="FunwithelePHPant\Datastructures\LinkedList\OtherLinkedListMethodsTest" file="/var/www/html/funwithelePHPant/tests/Datastructures/LinkedList/OtherLinkedListMethodsTest.php" tests="9" assertions="9" errors="0" failures="0" skipped="0" time="0.079314">
      <testcase name="test_Can_Delete_5th_Element_in_LinkedList" class="FunwithelePHPant\Datastructures\LinkedList\OtherLinkedListMethodsTest" classname="FunwithelePHPant.Datastructures.LinkedList.OtherLinkedListMethodsTest" file="/var/www/html/funwithelePHPant/tests/Datastructures/LinkedList/OtherLinkedListMethodsTest.php" line="15" assertions="1" time="0.019282"/>
      <testcase name="test_Can_Find_Node_In_LinkedList_By_string_Key" class="FunwithelePHPant\Datastructures\LinkedList\OtherLinkedListMethodsTest" classname="FunwithelePHPant.Datastructures.LinkedList.OtherLinkedListMethodsTest" file="/var/www/html/funwithelePHPant/tests/Datastructures/LinkedList/OtherLinkedListMethodsTest.php" line="35" assertions="1" time="0.006418"/>
      <testcase name="test_Can_Remove_Node_In_LinkedList_Following_Given_Node" class="FunwithelePHPant\Datastructures\LinkedList\OtherLinkedListMethodsTest" classname="FunwithelePHPant.Datastructures.LinkedList.OtherLinkedListMethodsTest" file="/var/www/html/funwithelePHPant/tests/Datastructures/LinkedList/OtherLinkedListMethodsTest.php" line="49" assertions="1" time="0.007731"/>
      <testcase name="test_Can_Insert_Second_LinkedList_Node_After_First" class="FunwithelePHPant\Datastructures\LinkedList\OtherLinkedListMethodsTest" classname="FunwithelePHPant.Datastructures.LinkedList.OtherLinkedListMethodsTest" file="/var/www/html/funwithelePHPant/tests/Datastructures/LinkedList/OtherLinkedListMethodsTest.php" line="63" assertions="1" time="0.007096"/>
      <testcase name="test_Can_Remove_All_Nodes_with_Item_As_given_key" class="FunwithelePHPant\Datastructures\LinkedList\OtherLinkedListMethodsTest" classname="FunwithelePHPant.Datastructures.LinkedList.OtherLinkedListMethodsTest" file="/var/www/html/funwithelePHPant/tests/Datastructures/LinkedList/OtherLinkedListMethodsTest.php" line="78" assertions="1" time="0.008724"/>
      <testcase name="test_Can_Return_Max_Item_In_Linkedlist" class="FunwithelePHPant\Datastructures\LinkedList\OtherLinkedListMethodsTest" classname="FunwithelePHPant.Datastructures.LinkedList.OtherLinkedListMethodsTest" file="/var/www/html/funwithelePHPant/tests/Datastructures/LinkedList/OtherLinkedListMethodsTest.php" line="99" assertions="1" time="0.008953"/>
      <testcase name="test_Can_Return_Max_Item_In_Linkedlist_Using_maxRecursive" class="FunwithelePHPant\Datastructures\LinkedList\OtherLinkedListMethodsTest" classname="FunwithelePHPant.Datastructures.LinkedList.OtherLinkedListMethodsTest" file="/var/www/html/funwithelePHPant/tests/Datastructures/LinkedList/OtherLinkedListMethodsTest.php" line="111" assertions="1" time="0.006649"/>
      <testcase name="test_Can_Reverse_Linkedlist" class="FunwithelePHPant\Datastructures\LinkedList\OtherLinkedListMethodsTest" classname="FunwithelePHPant.Datastructures.LinkedList.OtherLinkedListMethodsTest" file="/var/www/html/funwithelePHPant/tests/Datastructures/LinkedList/OtherLinkedListMethodsTest.php" line="123" assertions="1" time="0.006941"/>
      <testcase name="test_Can_Reverse_Linkedlist_Using_reverseRecursive" class="FunwithelePHPant\Datastructures\LinkedList\OtherLinkedListMethodsTest" classname="FunwithelePHPant.Datastructures.LinkedList.OtherLinkedListMethodsTest" file="/var/www/html/funwithelePHPant/tests/Datastructures/LinkedList/OtherLinkedListMethodsTest.php" line="141" assertions="1" time="0.007520"/>
    </testsuite>
    <testsuite name="FunwithelePHPant\Datastructures\LinkedList\StringNodeTest" file="/var/www/html/funwithelePHPant/tests/Datastructures/LinkedList/StringNodeTest.php" tests="3" assertions="3" errors="0" failures="0" skipped="0" time="0.020256">
      <testcase name="testCanCreateStringNode" class="FunwithelePHPant\Datastructures\LinkedList\StringNodeTest" classname="FunwithelePHPant.Datastructures.LinkedList.StringNodeTest" file="/var/www/html/funwithelePHPant/tests/Datastructures/LinkedList/StringNodeTest.php" line="10" assertions="1" time="0.004866"/>
      <testcase name="testStringNodeItemPropertyExists" class="FunwithelePHPant\Datastructures\LinkedList\StringNodeTest" classname="FunwithelePHPant.Datastructures.LinkedList.StringNodeTest" file="/var/www/html/funwithelePHPant/tests/Datastructures/LinkedList/StringNodeTest.php" line="16" assertions="1" time="0.006432"/>
      <testcase name="testStringNodeNextPropertyExists" class="FunwithelePHPant\Datastructures\LinkedList\StringNodeTest" classname="FunwithelePHPant.Datastructures.LinkedList.StringNodeTest" file="/var/www/html/funwithelePHPant/tests/Datastructures/LinkedList/StringNodeTest.php" line="22" assertions="1" time="0.008958"/>
    </testsuite>
    <testsuite name="FunwithelePHPant\Datastructures\UnionFind\QuickUnionFindTest" file="/var/www/html/funwithelePHPant/tests/Datastructures/UnionFind/QuickUnionFindTest.php" tests="2" assertions="2" errors="0" failures="0" skipped="0" time="0.018064">
      <testcase name="test_find_method" class="FunwithelePHPant\Datastructures\UnionFind\QuickUnionFindTest" classname="FunwithelePHPant.Datastructures.UnionFind.QuickUnionFindTest" file="/var/www/html/funwithelePHPant/tests/Datastructures/UnionFind/QuickUnionFindTest.php" line="15" assertions="1" time="0.012545"/>
      <testcase name="test_union_find" class="FunwithelePHPant\Datastructures\UnionFind\QuickUnionFindTest" classname="FunwithelePHPant.Datastructures.UnionFind.QuickUnionFindTest" file="/var/www/html/funwithelePHPant/tests/Datastructures/UnionFind/QuickUnionFindTest.php" line="22" assertions="1" time="0.005519"/>
    </testsuite>
    <testsuite name="FunwithelePHPant\Datastructures\UnionFind\UnionQuickFindTest" file="/var/www/html/funwithelePHPant/tests/Datastructures/UnionFind/UnionQuickFindTest.php" tests="2" assertions="2" errors="0" failures="0" skipped="0" time="0.010946">
      <testcase name="test_find_method" class="FunwithelePHPant\Datastructures\UnionFind\UnionQuickFindTest" classname="FunwithelePHPant.Datastructures.UnionFind.UnionQuickFindTest" file="/var/www/html/funwithelePHPant/tests/Datastructures/UnionFind/UnionQuickFindTest.php" line="16" assertions="1" time="0.005759"/>
      <testcase name="test_union_find" class="FunwithelePHPant\Datastructures\UnionFind\UnionQuickFindTest" classname="FunwithelePHPant.Datastructures.UnionFind.UnionQuickFindTest" file="/var/www/html/funwithelePHPant/tests/Datastructures/UnionFind/UnionQuickFindTest.php" line="23" assertions="1" time="0.005187"/>
    </testsuite>
    <testsuite name="FunwithelePHPant\Datastructures\UnionFind\WeightedQuickUnionFindTest" file="/var/www/html/funwithelePHPant/tests/Datastructures/UnionFind/WeightedQuickUnionFindTest.php" tests="2" assertions="2" errors="0" failures="0" skipped="0" time="33.590401">
      <testcase name="test_find_method" class="FunwithelePHPant\Datastructures\UnionFind\WeightedQuickUnionFindTest" classname="FunwithelePHPant.Datastructures.UnionFind.WeightedQuickUnionFindTest" file="/var/www/html/funwithelePHPant/tests/Datastructures/UnionFind/WeightedQuickUnionFindTest.php" line="15" assertions="1" time="0.006004"/>
      <testcase name="test_union_find" class="FunwithelePHPant\Datastructures\UnionFind\WeightedQuickUnionFindTest" classname="FunwithelePHPant.Datastructures.UnionFind.WeightedQuickUnionFindTest" file="/var/www/html/funwithelePHPant/tests/Datastructures/UnionFind/WeightedQuickUnionFindTest.php" line="22" assertions="1" time="33.584397"/>
    </testsuite>
    <testsuite name="FnFundamentalsTest" file="/var/www/html/funwithelePHPant/tests/functions/FnFundamentalsTest.php" tests="6" assertions="6" errors="0" failures="0" skipped="0" time="0.066793">
      <testcase name="test_fn_print_stack_content" class="FnFundamentalsTest" classname="FnFundamentalsTest" file="/var/www/html/funwithelePHPant/tests/functions/FnFundamentalsTest.php" line="8" assertions="1" time="0.007637"/>
      <testcase name="test_fn_print_binary_representation" class="FnFundamentalsTest" classname="FnFundamentalsTest" file="/var/www/html/funwithelePHPant/tests/functions/FnFundamentalsTest.php" line="23" assertions="1" time="0.007134"/>
      <testcase name="test_fn_reverse_queue_using_stack" class="FnFundamentalsTest" classname="FnFundamentalsTest" file="/var/www/html/funwithelePHPant/tests/functions/FnFundamentalsTest.php" line="39" assertions="1" time="0.011642"/>
      <testcase name="test_fn_insert_left_parentheses_to_infix_expression" class="FnFundamentalsTest" classname="FnFundamentalsTest" file="/var/www/html/funwithelePHPant/tests/functions/FnFundamentalsTest.php" line="57" assertions="1" time="0.011829"/>
      <testcase name="test_fn_infix_to_postfix" class="FnFundamentalsTest" classname="FnFundamentalsTest" file="/var/www/html/funwithelePHPant/tests/functions/FnFundamentalsTest.php" line="67" assertions="1" time="0.018472"/>
      <testcase name="test_fn_evaluate_postfix" class="FnFundamentalsTest" classname="FnFundamentalsTest" file="/var/www/html/funwithelePHPant/tests/functions/FnFundamentalsTest.php" line="76" assertions="1" time="0.010079"/>
    </testsuite>
  </testsuite>
</testsuites>
